<?xml version="1.0" encoding="UTF-8"?>
<testsuite name="au.radar.core.DestinationTest" tests="2" skipped="0" failures="0" errors="0" timestamp="2026-09-02T08:15:40.940Z" hostname="vm" time="0.005">
  <properties/>
  <testcase name="a destination is the stated distance and bearing away()" classname="au.radar.core.DestinationTest" time="0.001"/>
  <testcase name="heading north raises latitude and leaves longitude alone()" classname="au.radar.core.DestinationTest" time="0.001"/>
  <system-out><![CDATA[]]></system-out>
  <system-err><![CDATA[]]></system-err>
</testsuite>
