<?xml version="1.0" encoding="UTF-8"?>
<testsuite name="au.radar.core.GeoTest" tests="6" skipped="0" failures="0" errors="0" timestamp="2026-09-01T18:11:34.442Z" hostname="vm" time="0.034">
  <properties/>
  <testcase name="bearings read as compass directions()" classname="au.radar.core.GeoTest" time="0.002"/>
  <testcase name="Sydney to Melbourne is about 713 kilometres()" classname="au.radar.core.GeoTest" time="0.001"/>
  <testcase name="bearing delta stays within zero and one eighty()" classname="au.radar.core.GeoTest" time="0.016"/>
  <testcase name="distance matches the Kotlin and TypeScript implementations()" classname="au.radar.core.GeoTest" time="0.002"/>
  <testcase name="bearing delta wraps across north()" classname="au.radar.core.GeoTest" time="0.0"/>
  <testcase name="distance between a point and itself is zero()" classname="au.radar.core.GeoTest" time="0.005"/>
  <system-out><![CDATA[]]></system-out>
  <system-err><![CDATA[]]></system-err>
</testsuite>
