<?xml version="1.0" encoding="UTF-8"?>
<testsuite name="au.radar.core.PolylineTest" tests="4" skipped="0" failures="0" errors="0" timestamp="2026-09-01T17:48:00.539Z" hostname="vm" time="0.005">
  <properties/>
  <testcase name="an empty string decodes to no points rather than throwing()" classname="au.radar.core.PolylineTest" time="0.001"/>
  <testcase name="a truncated string stops cleanly instead of throwing()" classname="au.radar.core.PolylineTest" time="0.0"/>
  <testcase name="handles negative deltas in both axes()" classname="au.radar.core.PolylineTest" time="0.0"/>
  <testcase name="decodes the canonical precision-5 example()" classname="au.radar.core.PolylineTest" time="0.001"/>
  <system-out><![CDATA[]]></system-out>
  <system-err><![CDATA[]]></system-err>
</testsuite>
