<?xml version="1.0" encoding="UTF-8"?>
<testsuite name="au.radar.core.AlertEngineFixtureTest" tests="3" skipped="0" failures="0" errors="0" timestamp="2026-09-02T08:15:40.536Z" hostname="vm" time="0.185">
  <properties/>
  <testcase name="every fixture carries the reasoning behind it()" classname="au.radar.core.AlertEngineFixtureTest" time="0.127"/>
  <testcase name="the fixture file covers both outcomes and every relation()" classname="au.radar.core.AlertEngineFixtureTest" time="0.011"/>
  <testcase name="every shared fixture behaves as specified()" classname="au.radar.core.AlertEngineFixtureTest" time="0.044"/>
  <system-out><![CDATA[]]></system-out>
  <system-err><![CDATA[]]></system-err>
</testsuite>
