<?xml version="1.0" encoding="UTF-8"?>
<testsuite name="au.radar.core.AlertEnginePropertyTest" tests="8" skipped="0" failures="0" errors="0" timestamp="2026-09-01T17:55:07.323Z" hostname="vm" time="0.253">
  <properties/>
  <testcase name="nothing behind the car is ever announced()" classname="au.radar.core.AlertEnginePropertyTest" time="0.046"/>
  <testcase name="being on my road never warns later than being merely in front()" classname="au.radar.core.AlertEnginePropertyTest" time="0.027"/>
  <testcase name="a switched-off kind is never announced()" classname="au.radar.core.AlertEnginePropertyTest" time="0.015"/>
  <testcase name="a cooled-down or retired threat is never the one chosen()" classname="au.radar.core.AlertEnginePropertyTest" time="0.015"/>
  <testcase name="the same inputs always give the same answer()" classname="au.radar.core.AlertEnginePropertyTest" time="0.026"/>
  <testcase name="the flash switch changes the flag and nothing else()" classname="au.radar.core.AlertEnginePropertyTest" time="0.049"/>
  <testcase name="an announced threat is always inside a range the settings allow()" classname="au.radar.core.AlertEnginePropertyTest" time="0.021"/>
  <testcase name="getting closer never turns a warning off()" classname="au.radar.core.AlertEnginePropertyTest" time="0.045"/>
  <system-out><![CDATA[]]></system-out>
  <system-err><![CDATA[]]></system-err>
</testsuite>
