<?xml version="1.0" encoding="UTF-8"?>
<testsuite name="au.radar.core.CongestionSpanTest" tests="6" skipped="0" failures="0" errors="0" timestamp="2026-09-02T08:15:40.927Z" hostname="vm" time="0.012">
  <properties/>
  <testcase name="a degenerate route yields nothing()" classname="au.radar.core.CongestionSpanTest" time="0.001"/>
  <testcase name="every segment is covered exactly once()" classname="au.radar.core.CongestionSpanTest" time="0.001"/>
  <testcase name="one level across the whole route is one span()" classname="au.radar.core.CongestionSpanTest" time="0.0"/>
  <testcase name="a mismatched array falls back rather than guessing()" classname="au.radar.core.CongestionSpanTest" time="0.001"/>
  <testcase name="changes split into runs that share their boundary point()" classname="au.radar.core.CongestionSpanTest" time="0.001"/>
  <testcase name="a provider with no traffic data yields one unknown span()" classname="au.radar.core.CongestionSpanTest" time="0.002"/>
  <system-out><![CDATA[]]></system-out>
  <system-err><![CDATA[]]></system-err>
</testsuite>
