<?xml version="1.0" encoding="UTF-8"?>
<testsuite name="au.radar.core.AlertEngineFixtureTest" tests="3" skipped="0" failures="0" errors="0" timestamp="2026-09-01T17:48:00.267Z" hostname="vm" time="0.217">
  <properties/>
  <testcase name="every fixture carries the reasoning behind it()" classname="au.radar.core.AlertEngineFixtureTest" time="0.134"/>
  <testcase name="the fixture file covers both outcomes and every relation()" classname="au.radar.core.AlertEngineFixtureTest" time="0.021"/>
  <testcase name="every shared fixture behaves as specified()" classname="au.radar.core.AlertEngineFixtureTest" time="0.059"/>
  <system-out><![CDATA[]]></system-out>
  <system-err><![CDATA[]]></system-err>
</testsuite>
