<?xml version="1.0" encoding="UTF-8"?>
<testsuite name="au.radar.core.ThreatsOnRouteTest" tests="6" skipped="0" failures="0" errors="0" timestamp="2026-09-02T08:15:41.139Z" hostname="vm" time="0.025">
  <properties/>
  <testcase name="threats nowhere near the route are discarded cheaply()" classname="au.radar.core.ThreatsOnRouteTest" time="0.014"/>
  <testcase name="the summary reads the way a person would say it()" classname="au.radar.core.ThreatsOnRouteTest" time="0.003"/>
  <testcase name="a threat just inside the corridor is counted()" classname="au.radar.core.ThreatsOnRouteTest" time="0.002"/>
  <testcase name="a threat on the line is counted()" classname="au.radar.core.ThreatsOnRouteTest" time="0.001"/>
  <testcase name="an empty route or no threats yields nothing()" classname="au.radar.core.ThreatsOnRouteTest" time="0.001"/>
  <testcase name="a threat well off the line is not counted()" classname="au.radar.core.ThreatsOnRouteTest" time="0.001"/>
  <system-out><![CDATA[]]></system-out>
  <system-err><![CDATA[]]></system-err>
</testsuite>
